0:100  0:100  MemLog inited, TSC freq: 2793651573
0:100  0:000  CPU was calibrated with ACPI PM Timer
0:100  0:000  
0:100  0:000  Now is 21.6.2022,  23:5:39 (GMT)
0:100  0:000  Starting Clover revision: 5098 (master, commit 48d3c04f) on HPQ EFI
0:100  0:000  Build with: [Args: -mc -D NO_GRUB_DRIVERS | -D NO_GRUB_DRIVERS --conf=/Users/chris/src/CloverBootloader/Conf -D USE_BIOS_BLOCKIO -D USE_LOW_EBDA -a X64 -b RELEASE -t XCODE8 -n 5 | OS: 10.15.1]
0:100  0:000  SelfDevicePath=PciRoot(0x0)\Pci(0x1F,0x2)\Sata(0x0,0x0,0x0)\HD(1,GPT,73B72374-28BB-4C31-BA91-83F7ABACE371,0x28,0x64000) @BBA4A018
0:100  0:000  SelfDirPath = \EFI\CLOVER
0:100  0:000  SimpleTextEx Status=Unsupported
0:100  0:000  === [ Get Smbios ] ========================================
0:100  0:000  Type 16 Index = 0
0:100  0:000  Total Memory Slots Count = 2
0:100  0:000  Type 17 Index = 0
0:100  0:000  SmbiosTable.Type17->Speed = 1333MHz
0:100  0:000  SmbiosTable.Type17->Size = 8192MB
0:100  0:000  SmbiosTable.Type17->Bank/Device = BANK 0 Bottom-Slot 2(under)
0:100  0:000  SmbiosTable.Type17->Vendor = 0000
0:100  0:000  SmbiosTable.Type17->SerialNumber = BE41BE1F
0:100  0:000  SmbiosTable.Type17->PartNumber = 
0:100  0:000  Type 17 Index = 1
0:100  0:000  SmbiosTable.Type17->Speed = 1333MHz
0:100  0:000  SmbiosTable.Type17->Size = 8192MB
0:100  0:000  SmbiosTable.Type17->Bank/Device = BANK 2 Bottom-Slot 1(top)
0:100  0:000  SmbiosTable.Type17->Vendor = 0000
0:100  0:000  SmbiosTable.Type17->SerialNumber = BE41BE1F
0:100  0:000  SmbiosTable.Type17->PartNumber = 
0:100  0:000  Boot status=0
0:100  0:000  Running on: 'HP EliteBook 8560p' with board '1618'
0:100  0:000  === [ GetCPUProperties ] ==================================
0:100  0:000  CPU Vendor = 756E6547 Model=206A7
0:100  0:000   The CPU supported SSE4.1
0:100  0:000  BrandString = Intel(R) Core(TM) i7-2640M CPU @ 2.80GHz
0:100  0:000   The CPU supported turbo
0:100  0:000  MSR 0x35               20004
0:100  0:000  MSR 0xE2 before patch 1E008404
0:100  0:000  MSR 0xE2 is locked, PM patches will be turned on
0:100  0:000  MSR 0xCE              00000800_60011C00
0:100  0:000  corrected FLEX_RATIO = 0
0:100  0:000  MSR 0x1B0             00000000
0:100  0:000  FSBFrequency = 100 MHz, DMI FSBFrequency = 100 MHz, Corrected FSBFrequency = 100 MHz
0:100  0:000  MaxDiv/MinDiv: 28.0/8
0:100  0:000  Turbo: 33/33/33/35
0:100  0:000  Features: 0xBFEBFBFF
0:100  0:000  Threads: 4
0:100  0:000  Cores: 2
0:100  0:000  FSB: 100 MHz
0:100  0:000  CPU: 2800 MHz
0:100  0:000  TSC: 2800 MHz
0:100  0:000  PIS: 100 MHz
0:100  0:000  ExternalClock: 25 MHz
0:100  0:000  === [ GetDevices ] ========================================
0:100  0:000  GOP found at: <null string>
0:100  0:000  PCI (00|00:00.00) : 8086 0104 class=060000
0:100  0:000  PCI (00|00:01.00) : 8086 0101 class=060400
0:100  0:000  PCI (00|01:00.00) : 1002 6760 class=030000
0:100  0:000   - GFX: Model=AMD Radeon HD 6470M Series (ATI/AMD)
0:100  0:000  PCI (00|01:00.01) : 1002 AA98 class=040300
0:100  0:000   - HDMI Audio: 
0:100  0:000  PCI (00|00:16.00) : 8086 1C3A class=078000
0:100  0:000  PCI (00|00:16.01) : FFFF FFFF class=FFFFFF
0:100  0:000  PCI (00|00:16.03) : 8086 1C3D class=070002
0:100  0:000  PCI (00|00:19.00) : 8086 1502 class=020000
0:100  0:000   - LAN: 0 Vendor=Intel
0:100  0:000  PCI (00|00:1A.00) : 8086 1C2D class=0C0320
0:100  0:000  PCI (00|00:1B.00) : 8086 1C20 class=040300
0:100  0:000  PCI (00|00:1C.00) : 8086 1C10 class=060400
0:100  0:000  PCI (00|00:1C.01) : 8086 1C12 class=060400
0:100  0:000  PCI (00|00:1C.02) : 8086 1C14 class=060400
0:100  0:000  PCI (00|24:00.00) : 197B 2380 class=0C0010
0:100  0:000  PCI (00|24:00.01) : 197B 2392 class=088000
0:100  0:000  PCI (00|24:00.02) : 197B 2391 class=080501
0:100  0:000  PCI (00|24:00.03) : FFFF FFFF class=FFFFFF
0:100  0:000  PCI (00|24:00.04) : FFFF FFFF class=FFFFFF
0:100  0:000  PCI (00|00:1C.03) : 8086 1C16 class=060400
0:100  0:000  PCI (00|25:00.00) : 8086 0085 class=028000
0:100  0:000   - WIFI: Vendor=Intel
0:100  0:000  PCI (00|00:1C.07) : 8086 1C1E class=060400
0:100  0:000  PCI (00|26:00.00) : 1033 0194 class=0C0330
0:100  0:000  PCI (00|00:1D.00) : 8086 1C26 class=0C0320
0:100  0:000  PCI (00|00:1F.00) : 8086 1C4F class=060100
0:100  0:000  PCI (00|00:1F.02) : 8086 1C03 class=010601
0:100  0:000  PCI (00|00:1F.06) : FFFF FFFF class=FFFFFF
0:100  0:000  === [ GetDefaultSettings ] ================================
0:100  0:000  Clover load options size = 0 bytes
0:103  0:002  EFI\CLOVER\config.plist loaded: Success
0:103  0:000  === [ GetListOfThemes ] ===================================
0:104  0:001  - [00]: 3DGREY
0:106  0:002  - [01]: Asus
0:112  0:005  - [02]: BGM
0:123  0:011  - [03]: black
0:127  0:003  - [04]: black_green
0:129  0:002  - [05]: cesium
0:133  0:004  - [06]: chrome
0:135  0:002  - [07]: Clover-X
0:138  0:002  - [08]: Clovy
0:144  0:005  - [09]: CUBE
0:146  0:002  - [10]: Dell
0:148  0:001  - [11]: Dell-HD
0:151  0:003  - [12]: embedded
0:152  0:001  - [12]: gold_clover
0:156  0:003  - [13]: Hackintosh-MF
0:160  0:004  - [14]: Harley
0:165  0:004  - [15]: HP
0:167  0:002  - [16]: iCUBE
0:171  0:003  - [17]: in_box
0:174  0:002  - [18]: MacOSX
0:177  0:003  - [19]: Metronome
0:180  0:003  - [20]: Movies
0:181  0:001  - [21]: random
0:184  0:002  - [21]: Simplicity
0:186  0:002  - [22]: thinkpad
0:188  0:002  === [ Found config plists ] ===============================
0:189  0:001  - config-Laptop.plist
0:189  0:000  - config-Slice.plist
0:189  0:000  - config.plist
0:189  0:000  === [ GetEarlyUserSettings ] ==============================
0:189  0:000  timeout set to 5
0:189  0:000  Custom boot CUSTOM_BOOT_DISABLED (0x0)
0:189  0:000  KextsToPatch: 1 requested
0:189  0:000   - [00]: AppleAHCIPort (External icons patch) :: BinPatch :: data len: 8
0:189  0:000  KernelToPatch: 2 requested
0:189  0:000   - [00]: Disable panic kext logging on 10.13 release kernel :: MatchOS: 10.13.x :: data len: 6
0:189  0:000   - [01]: Disable panic kext logging on 10.14 release kernel :: MatchOS: 10.14.x :: data len: 6
0:189  0:000  Default theme: Simplicity
0:189  0:000  Hiding entries with string Windows
0:189  0:000  Hiding entries with string BOOTX64.EFI
0:189  0:000  Hiding entries with string Preboot
0:189  0:000  === [ LoadDrivers ] =======================================
0:195  0:005  Loading apfs.efi  status=Success
0:201  0:006   - driver needs connecting
0:201  0:000  Loading AudioDxe.efi  status=Success
0:203  0:001   - driver needs connecting
0:203  0:000  Loading DataHubDxe.efi  status=Success
0:205  0:002  Loading Fat.efi  status=Success
0:205  0:000   - driver needs connecting
0:205  0:000  Loading FSInject.efi  status=Success
0:205  0:000  Loading HFSPlus.efi  status=Success
0:207  0:001   - driver needs connecting
0:207  0:000  Loading OsxFatBinaryDrv.efi  status=Success
0:207  0:000  Loading PartitionDxe.efi  status=Success
0:208  0:001   - driver needs connecting
0:208  0:000  Loading SMCHelper.efi  status=Success
0:208  0:000  Loading ApfsDriverLoader.efi  status=Success
0:210  0:002   - driver needs connecting
0:210  0:000  Loading AppleUISupport.efi  status=Success
0:313  0:102  Loading AppleUITheme.efi  status=Success
0:314  0:001  Loading AptioInputFix.efi  status=Success
0:323  0:008  Loading AptioMemoryFix.efi  status=Success
0:325  0:002  Loading EmuVariableUefi.efi  status=Success
0:328  0:002  EmuVariableUefi Initialize: VariableCommonInitialize = Success, orig services stored, install gEmuVariableControlProtocolGuid = Success
0:328  0:000  Loading NvmExpressDxe.efi  status=Success
0:328  0:000   - driver needs connecting
0:328  0:000  7 drivers needs connecting ...
0:328  0:000  PlatformDriverOverrideProtocol not found. Installing ... Success
0:328  0:000  Partition driver loaded: CD disconnect Success
0:328  0:000  HFS+ driver loaded
0:328  0:000  APFS driver loaded
0:328  0:000  Searching for invalid DiskIo BY_DRIVER connects:
0:328  0:000   - Handle BBA31D98 with DiskIo, is Partition, no Fs, BY_DRIVER Agent: BD3F0D98, Disconnect: Success
0:328  0:000   - Handle BBA31B98 with DiskIo, is Partition, no Fs, BY_DRIVER Agent: BD3F0D98, Disconnect: Success
6:133  5:804  EmuVariable InstallEmulation: orig vars copied, emu.var.services installed, CreateEvent VirtualAddressChange = Success, CreateEvent ExitBootServices = Success, set Status=Success
6:134  0:000  === [ InitScreen ] ========================================
6:134  0:000  Console modes reported: 4, available modes:
6:134  0:000   - [01]: 80x25
6:134  0:000   - [03]: 120x36
6:134  0:000   - [04]: 128x40 (current mode)
6:134  0:000  SetScreenResolution: 1920x1080 - not found!
6:134  0:000  SetMaxResolution: found best mode 0: 1024x768
6:134  0:000   - already set
6:134  0:000  SetScreenResolution: 1024x768 - already set
6:152  0:018  reinit: self device path=PciRoot(0x0)\Pci(0x1F,0x2)\Sata(0x0,0x0,0x0)\HD(1,GPT,73B72374-28BB-4C31-BA91-83F7ABACE371,0x28,0x64000)
6:153  0:000  Using embedded font: Success
6:153  0:000  === [ GetMacAddress ] =====================================
6:153  0:000  MAC address of LAN #0= B4:B5:2F:29:C4:F1:
6:153  0:000  === [ ScanSPD ] ===========================================
6:154  0:000  === [ GetAcpiTablesList ] =================================
6:154  0:000  Get Acpi Tables List from RSDT:
6:154  0:000   - [00]: FACP  161A     len=244
6:154  0:000   - [01]: HPET  161A     len=56
6:154  0:000   - [02]: APIC  161A     len=188
6:154  0:000   - [03]: MCFG  161A     len=60
6:154  0:000   - [04]: SSDT  SataAhci len=614
6:154  0:000   - [05]: SSDT  PtidDevc len=1162
6:154  0:000   - [06]: SLIC  SLIC-MPC len=374
6:154  0:000   - [07]: SSDT  Cpu0Ist len=2196
6:154  0:000   - [08]: SSDT  CpuPm len=2481
6:154  0:000   - [09]: DMAR  SNB  len=176
6:154  0:000   - [10]: ASF!  161A     len=165
6:154  0:000  Calibrated TSC Frequency = 2793651573 = 2793MHz
6:154  0:000  === [ GetUserSettings ] ===================================
6:154  0:000  USB FixOwnership: yes
6:154  0:000  Dropping 3 tables:
6:154  0:000   - [00]: Drop table  signature="SSDT" (54445353) table-id="Cpu0Ist" (0074734930757043)
6:154  0:000           - set table: 54445353,   74734930757043 to drop: yes
6:154  0:000   - [01]: Drop table  signature="SSDT" (54445353) table-id="CpuPm" (0000006D50757043)
6:154  0:000           - set table: 54445353,       6D50757043 to drop: yes
6:154  0:000   - [02]: Drop table  signature="DMAR" (52414D44)
6:154  0:000           - set table: 52414D44,                0 to drop: yes
6:154  0:000   - final DSDT Fix mask=00000004
6:154  0:000  PatchesDSDT: 2 requested
6:154  0:000   - [00]: (change EC0 to EC) lenToFind: 4, lenToReplace: 4, Target Bridge: <null string>
6:154  0:000   - [01]: (change H_EC to EC) lenToFind: 4, lenToReplace: 4, Target Bridge: <null string>
6:154  0:000  EnableC7: yes
6:154  0:000  EnableC6: yes
6:154  0:000  Using ProductName from config: iMac20,2
6:154  0:000  Using latest BiosVersion from config
6:154  0:000  BiosVersion: IM201.88Z.F000.B00.2201062105
6:154  0:000  BiosReleaseDate: 01/06/2022
6:154  0:000  Using latest EfiVersion from config: 1715.81.2.0.0
6:154  0:000  Using FirmwareFeatures from config: 0xFFB3F066
6:154  0:000  Using FirmwareFeaturesMask from config: 0xFFFFFFFF
6:154  0:000  Board-ID set from config as Mac-AF89B6D9451A490B
6:154  0:000  BoardType: 0xA
6:154  0:000  ChassisType: 0xD
6:156  0:001  === [ Found DSDT tables ] =================================
6:519  0:362  === [ ScanVolumes ] =======================================
6:519  0:000  Found 12 volumes with blockIO
6:519  0:000  - [00]: Volume: PciRoot(0x0)\Pci(0x1F,0x2)\Sata(0x0,0x0,0x0)
6:520  0:001  - [01]: Volume: PciRoot(0x0)\Pci(0x1F,0x2)\Sata(0x1,0x0,0x0)
6:520  0:000          Found optical drive
6:572  0:052  Detected name WIN10AIO_16363
6:572  0:000          Found Windows DVD
6:572  0:000          Result of bootcode detection: bootable unknown (win)
6:572  0:000  - [02]: Volume: PciRoot(0x0)\Pci(0x1F,0x2)\Sata(0x0,0x0,0x0)\HD(1,GPT,73B72374-28BB-4C31-BA91-83F7ABACE371,0x28,0x64000)
6:573  0:001          Result of bootcode detection: bootable unknown (legacy)
6:575  0:002          This is SelfVolume !!
6:575  0:000  - [03]: Volume: PciRoot(0x0)\Pci(0x1F,0x2)\Sata(0x0,0x0,0x0)\HD(2,GPT,F3582E9D-E3DB-4200-92AD-DD4A248D8F28,0x64028,0x27368808)
6:576  0:001          Result of bootcode detection: bootable unknown (legacy)
6:577  0:000  - [04]: Volume: PciRoot(0x0)\Pci(0x1F,0x2)\Sata(0x0,0x0,0x0)\HD(3,GPT,2B76CFA9-35C8-480C-9643-CA6B4C8185D5,0x273CD000,0x14614000)
6:578  0:001          Result of bootcode detection: bootable unknown (legacy)
6:578  0:000  - [05]: Volume: PciRoot(0x0)\Pci(0x1F,0x2)\Sata(0x0,0x0,0x0)\HD(2,GPT,F3582E9D-E3DB-4200-92AD-DD4A248D8F28,0x64028,0x27368808)\VenMedia(BE74FCF7-0B7C-49F3-9147-01F4042E6842,BEE64D9C31BF08448CC54640784AC827)
6:578  0:000          hiding this volume
6:578  0:000  - [06]: Volume: PciRoot(0x0)\Pci(0x1F,0x2)\Sata(0x0,0x0,0x0)\HD(2,GPT,F3582E9D-E3DB-4200-92AD-DD4A248D8F28,0x64028,0x27368808)\VenMedia(BE74FCF7-0B7C-49F3-9147-01F4042E6842,E6975571A862DF32A4C22576F9BE6594)
6:578  0:000  - [07]: Volume: PciRoot(0x0)\Pci(0x1F,0x2)\Sata(0x0,0x0,0x0)\HD(2,GPT,F3582E9D-E3DB-4200-92AD-DD4A248D8F28,0x64028,0x27368808)\VenMedia(BE74FCF7-0B7C-49F3-9147-01F4042E6842,437B8AE0E23F7A44A50EF8C3FF2159E1)
6:578  0:000  - [08]: Volume: PciRoot(0x0)\Pci(0x1F,0x2)\Sata(0x0,0x0,0x0)\HD(2,GPT,F3582E9D-E3DB-4200-92AD-DD4A248D8F28,0x64028,0x27368808)\VenMedia(BE74FCF7-0B7C-49F3-9147-01F4042E6842,6F52CE078D431849A03E923737646C27)
6:578  0:000  - [09]: Volume: PciRoot(0x0)\Pci(0x1F,0x2)\Sata(0x0,0x0,0x0)\HD(2,GPT,F3582E9D-E3DB-4200-92AD-DD4A248D8F28,0x64028,0x27368808)\VenMedia(BE74FCF7-0B7C-49F3-9147-01F4042E6842,5FC5445CFB2FCB4AA2890E4949FCCE18)
6:578  0:000  - [10]: Volume: PciRoot(0x0)\Pci(0x1F,0x2)\Sata(0x1,0x0,0x0)\CDROM(0x0)
6:578  0:000          Found optical drive
6:633  0:054  Detected name 
6:633  0:000          Result of bootcode detection: bootable unknown (legacy)
6:633  0:000  - [11]: Volume: PciRoot(0x0)\Pci(0x1F,0x2)\Sata(0x1,0x0,0x0)\CDROM(0x1)
6:633  0:000          Found optical drive
6:638  0:005  Detected name 
6:638  0:000          Result of bootcode detection: bootable unknown (legacy)
6:681  0:043  PutNvramPlistToRtVars: nvram.plist not found
6:681  0:000  found 3 handles with audio
6:681  0:000  No AudioIoDevice stored
6:681  0:000  no stored audio parameters
6:681  0:000  === [ InitTheme ] =========================================
6:681  0:000  use night theme
6:687  0:005  Using theme 'HP' (EFI\CLOVER\themes\HP)
6:687  0:000  theme HP defined in NVRAM found and theme.plist parsed
6:687  0:000  OS main and drive as badge
6:687  0:000  Warning! Character width 9 should be even!
6:687  0:000  file sound read: sound_night.wav Not Found
6:687  0:000  file sound read: sound.wav Not Found
6:689  0:002  Loading font from ThemeDir: Success
6:690  0:000  theme inited
6:690  0:000  Chosen theme HP
6:690  0:000  found boot-args in NVRAM:-v alcid=1 watchdog=0 agdpmod=pikera dk.e1000=0 -revsbvmm -igfxvesa, size=68
6:690  0:000  ...found arg:-v
6:690  0:000  ...adding arg:-v
6:690  0:000  ...found arg:alcid=1
6:690  0:000  ...adding arg:alcid=1
6:690  0:000  ...found arg:watchdog=0
6:690  0:000  ...adding arg:watchdog=0
6:690  0:000  ...found arg:agdpmod=pikera
6:690  0:000  ...adding arg:agdpmod=pikera
6:690  0:000  ...found arg:dk.e1000=0
6:690  0:000  ...adding arg:dk.e1000=0
6:690  0:000  ...found arg:-revsbvmm
6:690  0:000  ...adding arg:-revsbvmm
6:690  0:000  ...found arg:-igfxvesa
6:690  0:000  ...adding arg:-igfxvesa
6:690  0:000  after NVRAM boot-args=kext-dev-mode=1 rootless=0 -v alcid=1 watchdog=0 agdpmod=pikera dk.e1000=0 -revsbvmm -igfxvesa 
6:690  0:000  === [ Dump SMC keys from NVRAM ] ==========================
6:690  0:000  found AppleSMC protocol
6:690  0:000  Registered 17 SMC keys
6:690  0:000  === [ ScanLoader ] ========================================
6:690  0:000  - [02]: 'EFI'
6:698  0:008          AddLoaderEntry for Volume Name=EFI
6:698  0:000          skipped because entry is hidden
6:698  0:000  - [05]: 'Preboot', hidden
6:698  0:000  - [06]: 'hardssd - Data'
6:713  0:015  - [07]: 'Recovery'
6:715  0:001          AddLoaderEntry for Volume Name=Recovery
6:727  0:012  - [08]: 'VM'
6:730  0:002  - [09]: 'hardssd'
6:774  0:044          AddLoaderEntry for Volume Name=hardssd
6:784  0:009      Check if volume Is Hibernated:
6:784  0:000      Check sleep image 'by signature':
6:786  0:002      using default sleep image name = \private\var\vm\sleepimage
6:786  0:000      sleepimage not found -> Not Found
6:786  0:000      hibernated: no - sign
6:793  0:006  - [11]: ''
6:840  0:047          AddLoaderEntry for Volume Name=
6:840  0:000          hiding entry: \EFI\BOOT\BOOTX64.efi
6:840  0:000  Scanning legacy ...
6:840  0:000   1: 'WIN10AIO_16363' (win) add legacy
6:842  0:001   added 'Boot Legacy OS from WIN10AIO_16363' OSType=2 Icon=win
6:842  0:000  === [ AddCustomTool ] =====================================
6:843  0:001  found tool \EFI\CLOVER\tools\Shell64U.efi
6:843  0:000  Checking EFI partition Volume 2 for Clover
6:843  0:000   Found Clover
6:843  0:000  EmuVariable UninstallEmulation: CloseEvent = Success, original var services restored
6:847  0:003  EmuVariable InstallEmulation: orig vars copied, emu.var.services installed, CreateEvent VirtualAddressChange = Success, CreateEvent ExitBootServices = Success, set Status=Success
6:851  0:004  === [ GetEfiBootDeviceFromNvram ] =========================
6:851  0:000  Default boot entry not found
6:851  0:000  EmuVariable UninstallEmulation: CloseEvent = Success, original var services restored
6:851  0:000  DefaultIndex=-1 and MainMenu.EntryCount=9
6:851  0:000  Use anime=Logo frames=14
6:888  0:036   found 14 frames of the anime
6:888  0:000   Anime seems OK, init it
6:926  0:037  GUI ready
14:830  7:904  exit from MainMenu 1
14:833  0:002  ParseBootOption: invalid input params
14:833  0:000  BootVariable of the entry is empty
14:833  0:000  EmuVariable UninstallEmulation: CloseEvent = Invalid Parameter, original var services restored
14:929  0:095  CDROMBoot: Booting LBA 2854 @7C00 L4000
